c:\users\ranveer\documents\workspace_tleach_in_wsn\src\simulation\dsr\x64\debug\vc142.pdb
c:\users\ranveer\documents\workspace_tleach_in_wsn\src\simulation\dsr\x64\debug\vc142.idb
c:\users\ranveer\documents\workspace_tleach_in_wsn\src\simulation\dsr\x64\debug\tleach.obj
c:\users\ranveer\documents\workspace_tleach_in_wsn\src\simulation\dsr\x64\debug\sourceroute.obj
c:\users\ranveer\documents\workspace_tleach_in_wsn\src\simulation\dsr\x64\debug\sendbuffer.obj
c:\users\ranveer\documents\workspace_tleach_in_wsn\src\simulation\dsr\x64\debug\routerequest.obj
c:\users\ranveer\documents\workspace_tleach_in_wsn\src\simulation\dsr\x64\debug\routereply.obj
c:\users\ranveer\documents\workspace_tleach_in_wsn\src\simulation\dsr\x64\debug\routeerror.obj
c:\users\ranveer\documents\workspace_tleach_in_wsn\src\simulation\dsr\x64\debug\routecache.obj
c:\users\ranveer\documents\workspace_tleach_in_wsn\src\simulation\dsr\x64\debug\packetprocessing.obj
c:\users\ranveer\documents\workspace_tleach_in_wsn\src\simulation\dsr\x64\debug\network_layer_ack.obj
c:\users\ranveer\documents\workspace_tleach_in_wsn\src\simulation\dsr\x64\debug\maintbuffer.obj
c:\users\ranveer\documents\workspace_tleach_in_wsn\src\simulation\dsr\x64\debug\dsr.obj
c:\users\ranveer\documents\workspace_tleach_in_wsn\src\simulation\dsr\x64\debug\checkroutefound.obj
c:\users\ranveer\documents\workspace_tleach_in_wsn\bin\bin_x64\dsr.lib
c:\users\ranveer\documents\workspace_tleach_in_wsn\bin\bin_x64\dsr.exp
c:\users\ranveer\documents\workspace_tleach_in_wsn\bin\bin_x64\libdsr.dll
c:\users\ranveer\documents\workspace_tleach_in_wsn\bin\bin_x64\dsr.pdb
c:\users\hanuman\desktop\r & d\tleach_in_wsn_v12.2\workspace_tleach_in_wsn\src\simulation\dsr\x64\debug\checkroutefound.obj
c:\users\hanuman\desktop\r & d\tleach_in_wsn_v12.2\workspace_tleach_in_wsn\src\simulation\dsr\x64\debug\dsr.obj
c:\users\hanuman\desktop\r & d\tleach_in_wsn_v12.2\workspace_tleach_in_wsn\src\simulation\dsr\x64\debug\maintbuffer.obj
c:\users\hanuman\desktop\r & d\tleach_in_wsn_v12.2\workspace_tleach_in_wsn\src\simulation\dsr\x64\debug\network_layer_ack.obj
c:\users\hanuman\desktop\r & d\tleach_in_wsn_v12.2\workspace_tleach_in_wsn\src\simulation\dsr\x64\debug\packetprocessing.obj
c:\users\hanuman\desktop\r & d\tleach_in_wsn_v12.2\workspace_tleach_in_wsn\src\simulation\dsr\x64\debug\routecache.obj
c:\users\hanuman\desktop\r & d\tleach_in_wsn_v12.2\workspace_tleach_in_wsn\src\simulation\dsr\x64\debug\routeerror.obj
c:\users\hanuman\desktop\r & d\tleach_in_wsn_v12.2\workspace_tleach_in_wsn\src\simulation\dsr\x64\debug\routereply.obj
c:\users\hanuman\desktop\r & d\tleach_in_wsn_v12.2\workspace_tleach_in_wsn\src\simulation\dsr\x64\debug\routerequest.obj
c:\users\hanuman\desktop\r & d\tleach_in_wsn_v12.2\workspace_tleach_in_wsn\src\simulation\dsr\x64\debug\sendbuffer.obj
c:\users\hanuman\desktop\r & d\tleach_in_wsn_v12.2\workspace_tleach_in_wsn\src\simulation\dsr\x64\debug\sourceroute.obj
c:\users\hanuman\desktop\r & d\tleach_in_wsn_v12.2\workspace_tleach_in_wsn\src\simulation\dsr\x64\debug\tleach.obj
c:\users\hanuman\desktop\r & d\tleach_in_wsn_v12.2\workspace_tleach_in_wsn\src\simulation\dsr\x64\debug\vc142.idb
c:\users\hanuman\desktop\r & d\tleach_in_wsn_v12.2\workspace_tleach_in_wsn\src\simulation\dsr\x64\debug\vc142.pdb
c:\users\hanuman\desktop\r & d\tleach_in_wsn_v12.2\workspace_tleach_in_wsn\src\simulation\dsr\x64\debug\dsr.tlog\cl.command.1.tlog
c:\users\hanuman\desktop\r & d\tleach_in_wsn_v12.2\workspace_tleach_in_wsn\src\simulation\dsr\x64\debug\dsr.tlog\cl.read.1.tlog
c:\users\hanuman\desktop\r & d\tleach_in_wsn_v12.2\workspace_tleach_in_wsn\src\simulation\dsr\x64\debug\dsr.tlog\cl.write.1.tlog
c:\users\hanuman\desktop\r & d\tleach_in_wsn_v12.2\workspace_tleach_in_wsn\src\simulation\dsr\x64\debug\dsr.tlog\dsr.write.1u.tlog
c:\users\hanuman\desktop\r & d\tleach_in_wsn_v12.2\workspace_tleach_in_wsn\src\simulation\dsr\x64\debug\dsr.tlog\link.command.1.tlog
c:\users\hanuman\desktop\r & d\tleach_in_wsn_v12.2\workspace_tleach_in_wsn\src\simulation\dsr\x64\debug\dsr.tlog\link.read.1.tlog
c:\users\hanuman\desktop\r & d\tleach_in_wsn_v12.2\workspace_tleach_in_wsn\src\simulation\dsr\x64\debug\dsr.tlog\link.write.1.tlog
